[    0.000000] Linux version 4.15.0-212-generic (buildd@lcy02-amd64-083) (gcc version 7.5.0 (Ubuntu 7.5.0-3ubuntu1~18.04)) #223-Ubuntu SMP Tue May 23 13:09:22 UTC 2023 (Ubuntu 4.15.0-212.223-generic 4.15.18)
[    0.000000] Command line: BOOT_IMAGE=/boot/vmlinuz-4.15.0-212-generic root=LABEL=cloudimg-rootfs ro console=tty1 console=ttyS0
[    0.000000] KERNEL supported cpus:
[    0.000000]   Intel GenuineIntel
[    0.000000]   AMD AuthenticAMD
[    0.000000]   Centaur CentaurHauls
[    0.000000] [Firmware Bug]: TSC doesn't count with P0 frequency!
[    0.000000] x86/fpu: Supporting XSAVE feature 0x001: 'x87 floating point registers'
[    0.000000] x86/fpu: Supporting XSAVE feature 0x002: 'SSE registers'
[    0.000000] x86/fpu: Supporting XSAVE feature 0x004: 'AVX registers'
[    0.000000] x86/fpu: xstate_offset[2]:  576, xstate_sizes[2]:  256
[    0.000000] x86/fpu: Enabled xstate features 0x7, context size is 832 bytes, using 'standard' format.
[    0.000000] e820: BIOS-provided physical RAM map:
[    0.000000] BIOS-e820: [mem 0x0000000000000000-0x000000000009fbff] usable
[    0.000000] BIOS-e820: [mem 0x000000000009fc00-0x000000000009ffff] reserved
[    0.000000] BIOS-e820: [mem 0x00000000000f0000-0x00000000000fffff] reserved
[    0.000000] BIOS-e820: [mem 0x0000000000100000-0x000000003ffeffff] usable
[    0.000000] BIOS-e820: [mem 0x000000003fff0000-0x000000003fffffff] ACPI data
[    0.000000] BIOS-e820: [mem 0x00000000fec00000-0x00000000fec00fff] reserved
[    0.000000] BIOS-e820: [mem 0x00000000fee00000-0x00000000fee00fff] reserved
[    0.000000] BIOS-e820: [mem 0x00000000fffc0000-0x00000000ffffffff] reserved
[    0.000000] NX (Execute Disable) protection: active
[    0.000000] SMBIOS 2.5 present.
[    0.000000] DMI: innotek GmbH VirtualBox/VirtualBox, BIOS VirtualBox 12/01/2006
[    0.000000] Hypervisor detected: KVM
[    0.000000] e820: last_pfn = 0x3fff0 max_arch_pfn = 0x400000000
[    0.000000] x86/PAT: Configuration [0-7]: WB  WC  UC- UC  WB  WP  UC- WT  
[    0.000000] found SMP MP-table at [mem 0x0009fbf0-0x0009fbff]
[    0.000000] Scanning 1 areas for low memory corruption
[    0.000000] RAMDISK: [mem 0x359cb000-0x36cdcfff]
[    0.000000] ACPI: Early table checksum verification disabled
[    0.000000] ACPI: RSDP 0x00000000000E0000 000024 (v02 VBOX  )
[    0.000000] ACPI: XSDT 0x000000003FFF0030 00003C (v01 VBOX   VBOXXSDT 00000001 ASL  00000061)
[    0.000000] ACPI: FACP 0x000000003FFF00F0 0000F4 (v04 VBOX   VBOXFACP 00000001 ASL  00000061)
[    0.000000] ACPI: DSDT 0x000000003FFF0610 002353 (v02 VBOX   VBOXBIOS 00000002 INTL 20240927)
[    0.000000] ACPI: FACS 0x000000003FFF0200 000040
[    0.000000] ACPI: FACS 0x000000003FFF0200 000040
[    0.000000] ACPI: APIC 0x000000003FFF0240 00005C (v02 VBOX   VBOXAPIC 00000001 ASL  00000061)
[    0.000000] ACPI: SSDT 0x000000003FFF02A0 00036C (v01 VBOX   VBOXCPUT 00000002 INTL 20240927)
[    0.000000] ACPI: Reserving FACP table memory at [mem 0x3fff00f0-0x3fff01e3]
[    0.000000] ACPI: Reserving DSDT table memory at [mem 0x3fff0610-0x3fff2962]
[    0.000000] ACPI: Reserving FACS table memory at [mem 0x3fff0200-0x3fff023f]
[    0.000000] ACPI: Reserving FACS table memory at [mem 0x3fff0200-0x3fff023f]
[    0.000000] ACPI: Reserving APIC table memory at [mem 0x3fff0240-0x3fff029b]
[    0.000000] ACPI: Reserving SSDT table memory at [mem 0x3fff02a0-0x3fff060b]
[    0.000000] No NUMA configuration found
[    0.000000] Faking a node at [mem 0x0000000000000000-0x000000003ffeffff]
[    0.000000] NODE_DATA(0) allocated [mem 0x3ffc5000-0x3ffeffff]
[    0.000000] kvm-clock: cpu 0, msr 0:3ff44001, primary cpu clock
[    0.000000] kvm-clock: Using msrs 4b564d01 and 4b564d00
[    0.000000] kvm-clock: using sched offset of 2946966913 cycles
[    0.000000] clocksource: kvm-clock: mask: 0xffffffffffffffff max_cycles: 0x1cd42e4dffb, max_idle_ns: 881590591483 ns
[    0.000000] Zone ranges:
[    0.000000]   DMA      [mem 0x0000000000001000-0x0000000000ffffff]
[    0.000000]   DMA32    [mem 0x0000000001000000-0x000000003ffeffff]
[    0.000000]   Normal   empty
[    0.000000]   Device   empty
[    0.000000] Movable zone start for each node
[    0.000000] Early memory node ranges
[    0.000000]   node   0: [mem 0x0000000000001000-0x000000000009efff]
[    0.000000]   node   0: [mem 0x0000000000100000-0x000000003ffeffff]
[    0.000000] Reserved but unavailable: 104 pages
[    0.000000] Initmem setup node 0 [mem 0x0000000000001000-0x000000003ffeffff]
[    0.000000] ACPI: PM-Timer IO Port: 0x4008
[    0.000000] IOAPIC[0]: apic_id 2, version 32, address 0xfec00000, GSI 0-23
[    0.000000] ACPI: INT_SRC_OVR (bus 0 bus_irq 0 global_irq 2 dfl dfl)
[    0.000000] ACPI: INT_SRC_OVR (bus 0 bus_irq 9 global_irq 9 low level)
[    0.000000] Using ACPI (MADT) for SMP configuration information
[    0.000000] smpboot: Allowing 2 CPUs, 0 hotplug CPUs
[    0.000000] PM: Registered nosave memory: [mem 0x00000000-0x00000fff]
[    0.000000] PM: Registered nosave memory: [mem 0x0009f000-0x0009ffff]
[    0.000000] PM: Registered nosave memory: [mem 0x000a0000-0x000effff]
[    0.000000] PM: Registered nosave memory: [mem 0x000f0000-0x000fffff]
[    0.000000] e820: [mem 0x40000000-0xfebfffff] available for PCI devices
[    0.000000] Booting paravirtualized kernel on KVM
[    0.000000] clocksource: refined-jiffies: mask: 0xffffffff max_cycles: 0xffffffff, max_idle_ns: 7645519600211568 ns
[    0.000000] setup_percpu: NR_CPUS:8192 nr_cpumask_bits:2 nr_cpu_ids:2 nr_node_ids:1
[    0.000000] percpu: Embedded 50 pages/cpu s167936 r8192 d28672 u1048576
[    0.000000] PV qspinlock hash table entries: 256 (order: 0, 4096 bytes)
[    0.000000] Built 1 zonelists, mobility grouping on.  Total pages: 257913
[    0.000000] Policy zone: DMA32
[    0.000000] Kernel command line: BOOT_IMAGE=/boot/vmlinuz-4.15.0-212-generic root=LABEL=cloudimg-rootfs ro console=tty1 console=ttyS0
[    0.000000] Memory: 982644K/1048120K available (12300K kernel code, 2477K rwdata, 4324K rodata, 2480K init, 2720K bss, 65476K reserved, 0K cma-reserved)
[    0.000000] SLUB: HWalign=64, Order=0-3, MinObjects=0, CPUs=2, Nodes=1
[    0.000000] ftrace: allocating 39508 entries in 155 pages
[    0.004000] Hierarchical RCU implementation.
[    0.004000] 	RCU restricting CPUs from NR_CPUS=8192 to nr_cpu_ids=2.
[    0.004000] 	Tasks RCU enabled.
[    0.004000] RCU: Adjusting geometry for rcu_fanout_leaf=16, nr_cpu_ids=2
[    0.004000] NR_IRQS: 524544, nr_irqs: 440, preallocated irqs: 16
[    0.004000] random: crng init done
[    0.004000] Console: colour VGA+ 80x25
[    0.004000] console [tty1] enabled
[    0.004000] console [ttyS0] enabled
[    0.004000] ACPI: Core revision 20170831
[    0.004000] ACPI: 2 ACPI AML tables successfully acquired and loaded
[    0.004000] APIC: Switch to symmetric I/O mode setup
[    0.004000] x2apic enabled
[    0.004000] Switched APIC routing to physical x2apic.
[    0.004000] ..TIMER: vector=0x30 apic1=0 pin1=2 apic2=-1 pin2=-1
[    0.004000] tsc: Detected 4199.996 MHz processor
[    0.004000] Calibrating delay loop (skipped) preset value.. 8399.99 BogoMIPS (lpj=16799984)
[    0.004003] pid_max: default: 32768 minimum: 301
[    0.004588] Security Framework initialized
[    0.005110] Yama: becoming mindful.
[    0.005575] AppArmor: AppArmor initialized
[    0.006496] Dentry cache hash table entries: 131072 (order: 8, 1048576 bytes)
[    0.008038] Inode-cache hash table entries: 65536 (order: 7, 524288 bytes)
[    0.008849] Mount-cache hash table entries: 2048 (order: 2, 16384 bytes)
[    0.009638] Mountpoint-cache hash table entries: 2048 (order: 2, 16384 bytes)
[    0.010651] Last level iTLB entries: 4KB 512, 2MB 512, 4MB 256
[    0.012001] Last level dTLB entries: 4KB 2048, 2MB 2048, 4MB 1024, 1GB 0
[    0.012780] Spectre V1 : Mitigation: usercopy/swapgs barriers and __user pointer sanitization
[    0.013809] Spectre V2 : Mitigation: Retpolines
[    0.014358] Spectre V2 : Spectre v2 / SpectreRSB mitigation: Filling RSB on context switch
[    0.015342] Spectre V2 : Spectre v2 / SpectreRSB : Filling RSB on VMEXIT
[    0.016156] Freeing SMP alternatives memory: 36K
[    0.126573] smpboot: CPU0: AMD Ryzen 5 5600G with Radeon Graphics (family: 0x19, model: 0x50, stepping: 0x0)
[    0.127810] Performance Events: PMU not available due to virtualization, using software events only.
[    0.128000] Hierarchical SRCU implementation.
[    0.128000] NMI watchdog: Perf event create on CPU 0 failed with -2
[    0.128001] NMI watchdog: Perf NMI watchdog permanently disabled
[    0.128743] smp: Bringing up secondary CPUs ...
[    0.129367] x86: Booting SMP configuration:
[    0.129894] .... node  #0, CPUs:      #1
[    0.004000] kvm-clock: cpu 1, msr 0:3ff44041, secondary cpu clock
[    0.132016] smp: Brought up 1 node, 2 CPUs
[    0.132541] smpboot: Max logical packages: 1
[    0.133082] smpboot: Total of 2 processors activated (16799.98 BogoMIPS)
[    0.134071] devtmpfs: initialized
[    0.134071] x86/mm: Memory block size: 128MB
[    0.134071] evm: security.selinux
[    0.134071] evm: security.SMACK64
[    0.136003] evm: security.SMACK64EXEC
[    0.136472] evm: security.SMACK64TRANSMUTE
[    0.136983] evm: security.SMACK64MMAP
[    0.137445] evm: security.apparmor
[    0.137883] evm: security.ima
[    0.138286] evm: security.capability
[    0.140051] clocksource: jiffies: mask: 0xffffffff max_cycles: 0xffffffff, max_idle_ns: 7645041785100000 ns
[    0.141168] futex hash table entries: 512 (order: 3, 32768 bytes)
[    0.141168] pinctrl core: initialized pinctrl subsystem
[    0.141168] RTC time: 17:33:56, date: 03/25/25
[    0.141785] NET: Registered protocol family 16
[    0.142409] audit: initializing netlink subsys (disabled)
[    0.144018] audit: type=2000 audit(1742924040.117:1): state=initialized audit_enabled=0 res=1
[    0.144128] cpuidle: using governor ladder
[    0.144547] cpuidle: using governor menu
[    0.144672] ACPI: bus type PCI registered
[    0.148007] acpiphp: ACPI Hot Plug PCI Controller Driver version: 0.5
[    0.148844] PCI: Using configuration type 1 for base access
[    0.149526] PCI: Using configuration type 1 for extended access
[    0.150265] HugeTLB registered 2.00 MiB page size, pre-allocated 0 pages
[    0.150265] ACPI: Added _OSI(Module Device)
[    0.150265] ACPI: Added _OSI(Processor Device)
[    0.150265] ACPI: Added _OSI(3.0 _SCP Extensions)
[    0.152002] ACPI: Added _OSI(Processor Aggregator Device)
[    0.152612] ACPI: Added _OSI(Linux-Dell-Video)
[    0.153134] ACPI: Added _OSI(Linux-Lenovo-NV-HDMI-Audio)
[    0.153758] ACPI: Added _OSI(Linux-HPI-Hybrid-Graphics)
[    0.154514] ACPI: Executed 1 blocks of module-level executable AML code
[    0.157307] ACPI: Interpreter enabled
[    0.157756] ACPI: (supports S0 S5)
[    0.158193] ACPI: Using IOAPIC for interrupt routing
[    0.158902] PCI: Using host bridge windows from ACPI; if necessary, use "pci=nocrs" and report a bug
[    0.160000] ACPI: Enabled 2 GPEs in block 00 to 07
[    0.163070] ACPI: PCI Root Bridge [PCI0] (domain 0000 [bus 00-ff])
[    0.164005] acpi PNP0A03:00: _OSC: OS supports [ExtendedConfig ASPM ClockPM Segments MSI]
[    0.165466] acpi PNP0A03:00: _OSC: platform does not support [PCIeCapability]
[    0.166506] acpi PNP0A03:00: _OSC: not requesting control; platform does not support [PCIeCapability]
[    0.167530] acpi PNP0A03:00: _OSC: OS requested [PCIeHotplug PME AER PCIeCapability]
[    0.168002] acpi PNP0A03:00: _OSC: platform willing to grant [PCIeHotplug PME AER]
[    0.168870] acpi PNP0A03:00: _OSC failed (AE_SUPPORT); disabling ASPM
[    0.169773] PCI host bridge to bus 0000:00
[    0.170252] pci_bus 0000:00: root bus resource [io  0x0000-0x0cf7 window]
[    0.172002] pci_bus 0000:00: root bus resource [io  0x0d00-0xffff window]
[    0.172760] pci_bus 0000:00: root bus resource [mem 0x000a0000-0x000bffff window]
[    0.175797] pci_bus 0000:00: root bus resource [mem 0x40000000-0xfdffffff window]
[    0.176002] pci_bus 0000:00: root bus resource [bus 00-ff]
[    0.177455] pci 0000:00:01.1: legacy IDE quirk: reg 0x10: [io  0x01f0-0x01f7]
[    0.178234] pci 0000:00:01.1: legacy IDE quirk: reg 0x14: [io  0x03f6]
[    0.178948] pci 0000:00:01.1: legacy IDE quirk: reg 0x18: [io  0x0170-0x0177]
[    0.180002] pci 0000:00:01.1: legacy IDE quirk: reg 0x1c: [io  0x0376]
[    0.186125] pci 0000:00:07.0: quirk: [io  0x4000-0x403f] claimed by PIIX4 ACPI
[    0.187077] pci 0000:00:07.0: quirk: [io  0x4100-0x410f] claimed by PIIX4 SMB
[    0.190096] ACPI: PCI Interrupt Link [LNKA] (IRQs 5 9 10 *11)
[    0.190933] ACPI: PCI Interrupt Link [LNKB] (IRQs 5 9 *10 11)
[    0.191732] ACPI: PCI Interrupt Link [LNKC] (IRQs 5 *9 10 11)
[    0.192060] ACPI: PCI Interrupt Link [LNKD] (IRQs 5 9 10 *11)
[    0.192975] SCSI subsystem initialized
[    0.193430] pci 0000:00:02.0: vgaarb: setting as boot VGA device
[    0.193430] pci 0000:00:02.0: vgaarb: VGA device added: decodes=io+mem,owns=io+mem,locks=none
[    0.196002] pci 0000:00:02.0: vgaarb: bridge control possible
[    0.196668] vgaarb: loaded
[    0.197045] ACPI: bus type USB registered
[    0.197559] usbcore: registered new interface driver usbfs
[    0.198212] usbcore: registered new interface driver hub
[    0.198896] usbcore: registered new device driver usb
[    0.200038] EDAC MC: Ver: 3.0.0
[    0.200490] PCI: Using ACPI for IRQ routing
[    0.200490] NetLabel: Initializing
[    0.200565] NetLabel:  domain hash size = 128
[    0.201139] NetLabel:  protocols = UNLABELED CIPSOv4 CALIPSO
[    0.201855] NetLabel:  unlabeled traffic allowed by default
[    0.204060] clocksource: Switched to clocksource kvm-clock
[    0.212540] VFS: Disk quotas dquot_6.6.0
[    0.213076] VFS: Dquot-cache hash table entries: 512 (order 0, 4096 bytes)
[    0.213930] AppArmor: AppArmor Filesystem Enabled
[    0.214529] pnp: PnP ACPI init
[    0.215496] pnp: PnP ACPI: found 3 devices
[    0.222662] clocksource: acpi_pm: mask: 0xffffff max_cycles: 0xffffff, max_idle_ns: 2085701024 ns
[    0.223822] NET: Registered protocol family 2
[    0.224267] IP idents hash table entries: 16384 (order: 5, 131072 bytes)
[    0.225684] TCP established hash table entries: 8192 (order: 4, 65536 bytes)
[    0.226582] TCP bind hash table entries: 8192 (order: 5, 131072 bytes)
[    0.227380] TCP: Hash tables configured (established 8192 bind 8192)
[    0.228205] UDP hash table entries: 512 (order: 2, 16384 bytes)
[    0.228927] UDP-Lite hash table entries: 512 (order: 2, 16384 bytes)
[    0.229707] NET: Registered protocol family 1
[    0.230279] pci 0000:00:00.0: Limiting direct PCI/PCI transfers
[    0.231009] pci 0000:00:01.0: Activating ISA DMA hang workarounds
[    0.231761] pci 0000:00:02.0: Video device with shadowed ROM at [mem 0x000c0000-0x000dffff]
[    0.232176] Unpacking initramfs...
[    0.232176] Freeing initrd memory: 19528K
[    0.232176] clocksource: tsc: mask: 0xffffffffffffffff max_cycles: 0x3c8a5dbeece, max_idle_ns: 440795356272 ns
[    0.232176] platform rtc_cmos: registered platform RTC device (no PNP device found)
[    0.232176] Scanning for low memory corruption every 60 seconds
[    0.412743] Initialise system trusted keyrings
[    0.413322] Key type blacklist registered
[    0.413885] workingset: timestamp_bits=36 max_order=18 bucket_order=0
[    0.415172] zbud: loaded
[    0.415833] squashfs: version 4.0 (2009/01/31) Phillip Lougher
[    0.416642] fuse init (API version 7.26)
[    0.418934] Key type asymmetric registered
[    0.419463] Asymmetric key parser 'x509' registered
[    0.420078] Block layer SCSI generic (bsg) driver version 0.4 loaded (major 246)
[    0.421039] io scheduler noop registered
[    0.421542] io scheduler deadline registered
[    0.422094] io scheduler cfq registered (default)
[    0.422850] ACPI: AC Adapter [AC] (on-line)
[    0.423405] input: Power Button as /devices/LNXSYSTM:00/LNXPWRBN:00/input/input0
[    0.424390] ACPI: Power Button [PWRF]
[    0.424924] input: Sleep Button as /devices/LNXSYSTM:00/LNXSLPBN:00/input/input1
[    0.425878] ACPI: Sleep Button [SLPF]
[    0.426572] Serial: 8250/16550 driver, 32 ports, IRQ sharing enabled
[    0.447651] 00:02: ttyS0 at I/O 0x3f8 (irq = 4, base_baud = 115200) is a 16550A
[    0.449904] Linux agpgart interface v0.103
[    0.451572] loop: module loaded
[    0.452337] scsi host0: ata_piix
[    0.452883] scsi host1: ata_piix
[    0.453329] ata1: PATA max UDMA/33 cmd 0x1f0 ctl 0x3f6 bmdma 0xd000 irq 14
[    0.454136] ata2: PATA max UDMA/33 cmd 0x170 ctl 0x376 bmdma 0xd008 irq 15
[    0.455114] tun: Universal TUN/TAP device driver, 1.6
[    0.455779] PPP generic driver version 2.4.2
[    0.456359] ehci_hcd: USB 2.0 'Enhanced' Host Controller (EHCI) Driver
[    0.457139] ehci-pci: EHCI PCI platform driver
[    0.457703] ehci-platform: EHCI generic platform driver
[    0.458364] ohci_hcd: USB 1.1 'Open' Host Controller (OHCI) Driver
[    0.459127] ohci-pci: OHCI PCI platform driver
[    0.459701] ohci-platform: OHCI generic platform driver
[    0.460357] uhci_hcd: USB Universal Host Controller Interface driver
[    0.461139] i8042: PNP: PS/2 Controller [PNP0303:PS2K,PNP0f03:PS2M] at 0x60,0x64 irq 1,12
[    0.462512] serio: i8042 KBD port at 0x60,0x64 irq 1
[    0.463135] serio: i8042 AUX port at 0x60,0x64 irq 12
[    0.463853] mousedev: PS/2 mouse device common for all mice
[    0.464849] input: AT Translated Set 2 keyboard as /devices/platform/i8042/serio0/input/input2
[    0.466011] rtc_cmos rtc_cmos: rtc core: registered rtc_cmos as rtc0
[    0.466802] rtc_cmos rtc_cmos: alarms up to one day, 114 bytes nvram
[    0.467535] i2c /dev entries driver
[    0.468022] device-mapper: uevent: version 1.0.3
[    0.468628] device-mapper: ioctl: 4.37.0-ioctl (2017-09-20) initialised: dm-devel@redhat.com
[    0.469675] ledtrig-cpu: registered to indicate activity on CPUs
[    0.470640] NET: Registered protocol family 10
[    0.473491] Segment Routing with IPv6
[    0.474007] NET: Registered protocol family 17
[    0.474608] Key type dns_resolver registered
[    0.475280] mce: Using 0 MCE banks
[    0.475744] RAS: Correctable Errors collector initialized.
[    0.476514] sched_clock: Marking stable (476485247, 0)->(582502083, -106016836)
[    0.477622] registered taskstats version 1
[    0.478165] Loading compiled-in X.509 certificates
[    0.479991] Loaded X.509 cert 'Build time autogenerated kernel key: b5b26778eaa3ab3a4a6cee031137706e947d12ad'
[    0.481525] Loaded X.509 cert 'Canonical Ltd. Live Patch Signing: 14df34d1a87cf37625abec039ef2bf521249b969'
[    0.483046] Loaded X.509 cert 'Canonical Ltd. Kernel Module Signing: 88f752e560a1e0737e31163a466ad7b70a850c19'
[    0.484290] blacklist: Loading compiled-in revocation X.509 certificates
[    0.485124] Loaded X.509 cert 'Canonical Ltd. Secure Boot Signing: 61482aa2830d0ab2ad5af10b7250da9033ddcef0'
[    0.486328] Loaded X.509 cert 'Canonical Ltd. Secure Boot Signing (2017): 242ade75ac4a15e50d50c84b0d45ff3eae707a03'
[    0.487597] Loaded X.509 cert 'Canonical Ltd. Secure Boot Signing (ESM 2018): 365188c1d374d6b07c3c8f240f8ef722433d6a8b'
[    0.488911] Loaded X.509 cert 'Canonical Ltd. Secure Boot Signing (2019): c0746fd6c5da3ae827864651ad66ae47fe24b3e8'
[    0.490158] Loaded X.509 cert 'Canonical Ltd. Secure Boot Signing (2021 v1): a8d54bbb3825cfb94fa13c9f8a594a195c107b8d'
[    0.491451] Loaded X.509 cert 'Canonical Ltd. Secure Boot Signing (2021 v2): 4cf046892d6fd3c9a5b03f98d845f90851dc6a8c'
[    0.492803] Loaded X.509 cert 'Canonical Ltd. Secure Boot Signing (2021 v3): 100437bb6de6e469b581e61cd66bce3ef4ed53af'
[    0.494101] Loaded X.509 cert 'Canonical Ltd. Secure Boot Signing (Ubuntu Core 2019): c1d57b8f6b743f23ee41f4f7ee292f06eecadfb9'
[    0.495483] zswap: loaded using pool lzo/zbud
[    0.497879] Key type big_key registered
[    0.498373] Key type trusted registered
[    0.499728] Key type encrypted registered
[    0.500260] AppArmor: AppArmor sha1 policy hashing enabled
[    0.500914] ima: No TPM chip found, activating TPM-bypass! (rc=-19)
[    0.501650] ima: Allocated hash algorithm: sha1
[    0.502230] evm: HMAC attrs: 0x1
[    0.502779]   Magic number: 1:693:593
[    0.503323] rtc_cmos rtc_cmos: setting system clock to 2025-03-25 17:33:56 UTC (1742924036)
[    0.504420] BIOS EDD facility v0.16 2004-Jun-25, 0 devices found
[    0.505156] EDD information not available.
[    0.640520] Freeing unused kernel image memory: 2480K
[    0.652020] Write protecting the kernel read-only data: 20480k
[    0.653097] Freeing unused kernel image memory: 2008K
[    0.653995] Freeing unused kernel image memory: 1820K
[    0.657999] x86/mm: Checked W+X mappings: passed, no W+X pages found.
Loading, please wait...
starting version 237
[    0.690740] Fusion MPT base driver 3.04.20
[    0.691325] Copyright (c) 1999-2008 LSI Corporation
[    0.692185] e1000: Intel(R) PRO/1000 Network Driver - version 7.3.21-k8-NAPI
[    0.693043] e1000: Copyright (c) 1999-2006 Intel Corporation.
[    0.695027] Fusion MPT SPI Host driver 3.04.20
[    0.703775] AVX2 version of gcm_enc/dec engaged.
[    0.704366] AES CTR mode by8 optimization enabled
[    0.902275] input: ImExPS/2 Generic Explorer Mouse as /devices/platform/i8042/serio1/input/input4
[    1.142822] e1000 0000:00:03.0 eth0: (PCI:33MHz:32-bit) 02:3b:7b:b7:3b:2d
[    1.143683] e1000 0000:00:03.0 eth0: Intel(R) PRO/1000 Network Connection
[    1.145322] mptbase: ioc0: Initiating bringup
[    1.145502] e1000 0000:00:03.0 enp0s3: renamed from eth0
[    1.256176] ioc0: LSI53C1030 A0: Capabilities={Initiator}
[    2.020823] scsi host2: ioc0: LSI53C1030 A0, FwRev=00000000h, Ports=1, MaxQ=256, IRQ=20
[    2.984221] scsi 2:0:0:0: Direct-Access     VBOX     HARDDISK         1.0  PQ: 0 ANSI: 5
[    3.144039] scsi target2:0:0: Beginning Domain Validation
[    3.145187] scsi target2:0:0: Domain Validation skipping write tests
[    3.146663] scsi target2:0:0: Ending Domain Validation
[    3.147315] scsi target2:0:0: asynchronous
[    3.148169] scsi 2:0:1:0: Direct-Access     VBOX     HARDDISK         1.0  PQ: 0 ANSI: 5
[    3.300013] scsi target2:0:1: Beginning Domain Validation
[    3.301297] scsi target2:0:1: Domain Validation skipping write tests
[    3.302145] scsi target2:0:1: Ending Domain Validation
[    3.302850] scsi target2:0:1: asynchronous
[    3.305338] sd 2:0:0:0: [sda] 83886080 512-byte logical blocks: (42.9 GB/40.0 GiB)
[    3.305380] sd 2:0:0:0: Attached scsi generic sg0 type 0
[    3.307160] sd 2:0:0:0: [sda] Write Protect is off
[    3.307369] sd 2:0:1:0: [sdb] 20480 512-byte logical blocks: (10.5 MB/10.0 MiB)
[    3.308958] sd 2:0:1:0: [sdb] Write Protect is off
[    3.309667] sd 2:0:0:0: [sda] Incomplete mode parameter data
[    3.309715] sd 2:0:1:0: [sdb] Incomplete mode parameter data
[    3.310463] sd 2:0:0:0: [sda] Assuming drive cache: write through
[    3.311253] sd 2:0:1:0: [sdb] Assuming drive cache: write through
[    3.312171] sd 2:0:1:0: Attached scsi generic sg1 type 0
[    3.323072]  sda: sda1
[    3.323482] sd 2:0:1:0: [sdb] Attached SCSI disk
[    3.324376] sd 2:0:0:0: [sda] Attached SCSI disk
Begin: Loading essential drivers ... [    4.696043] raid6: sse2x1   gen()  7425 MB/s
[    4.744019] raid6: sse2x1   xor() 12201 MB/s
[    4.792053] raid6: sse2x2   gen() 14376 MB/s
[    4.840032] raid6: sse2x2   xor() 15162 MB/s
[    4.888059] raid6: sse2x4   gen() 20035 MB/s
[    4.936032] raid6: sse2x4   xor() 10852 MB/s
[    4.984005] raid6: avx2x1   gen() 16588 MB/s
[    5.032040] raid6: avx2x1   xor() 23688 MB/s
[    5.080020] raid6: avx2x2   gen() 31930 MB/s
[    5.128049] raid6: avx2x2   xor() 29818 MB/s
[    5.176023] raid6: avx2x4   gen() 34624 MB/s
[    5.224055] raid6: avx2x4   xor() 15474 MB/s
[    5.224593] raid6: using algorithm avx2x4 gen() 34624 MB/s
[    5.225287] raid6: .... xor() 15474 MB/s, rmw enabled
[    5.225955] raid6: using avx2x2 recovery algorithm
[    5.227257] xor: automatically using best checksumming function   avx       
[    5.228682] async_tx: api initialized (async)
done.
Begin: Running /scripts/init-premount ... done.
Begin: Mounting root file system ... Begin: Running /scripts/local-top ... done.
Begin: Running /scripts/local-premount ... [    5.253540] Btrfs loaded, crc32c=crc32c-intel
Scanning for Btrfs filesystems
done.
Warning: fsck not present, so skipping root file system
[    5.269131] EXT4-fs (sda1): INFO: recovery required on readonly filesystem
[    5.269946] EXT4-fs (sda1): write access will be enabled during recovery
[    5.359173] EXT4-fs (sda1): orphan cleanup on readonly fs
[    5.360487] EXT4-fs (sda1): 6 orphan inodes deleted
[    5.361144] EXT4-fs (sda1): recovery complete
[    5.362032] EXT4-fs (sda1): mounted filesystem with ordered data mode. Opts: (null)
done.
Begin: Running /scripts/local-bottom ... done.
Begin: Running /scripts/init-bottom ... done.
[    5.452428] ip_tables: (C) 2000-2006 Netfilter Core Team
[    5.458835] systemd[1]: systemd 237 running in system mode. (+PAM +AUDIT +SELINUX +IMA +APPARMOR +SMACK +SYSVINIT +UTMP +LIBCRYPTSETUP +GCRYPT +GNUTLS +ACL +XZ +LZ4 +SECCOMP +BLKID +ELFUTILS +KMOD -IDN2 +IDN -PCRE2 default-hierarchy=hybrid)
[    5.461455] systemd[1]: Detected virtualization oracle.
[    5.462104] systemd[1]: Detected architecture x86-64.

Welcome to [1mUbuntu 18.04.6 LTS[0m!

[    5.465637] systemd[1]: Set hostname to <ubuntu-bionic>.
[    5.629619] systemd[1]: Started Forward Password Requests to Wall Directory Watch.
[[0;32m  OK  [0m] Started Forward Password Requests to Wall Directory Watch.
[    5.630898] systemd[1]: Reached target Mounting snaps.
[[0;32m  OK  [0m] Reached target Mounting snaps.
[    5.631734] systemd[1]: Reached target Mounted snaps.
[[0;32m  OK  [0m] Reached target Mounted snaps.
[    5.633169] systemd[1]: Created slice System Slice.
[[0;32m  OK  [0m] Created slice System Slice.
[    5.830891] systemd[1]: Listening on Syslog Socket.
[[0;32m  OK  [0m] Listening on Syslog Socket.
[    5.831852] systemd[1]: Listening on Journal Socket.
[[0;32m  OK  [0m] Listening on Journal Socket.
         Starting Uncomplicated firewall...
         Starting Set the console keyboard layout...
         Mounting Kernel Debug File System...
[[0;32m  OK  [0m] Created slice system-serial\x2dgetty.slice.
         Starting Create list of required st…ce nodes for the current kernel...
[[0;32m  OK  [0m] Listening on LVM2 metadata daemon socket.
[[0;32m  OK  [0m] Listening on fsck to fsckd communication Socket.
         Starting File System Check on Root Device...
[[0;32m  OK  [0m] Listening on /dev/initctl Compatibility Named Pipe.
[[0;32m  OK  [0m] Listening on Network Service Netlink Socket.
[[0;32m  OK  [0m] Reached target System Time Synchronized.
[[0;32m  OK  [0m] Listening on udev Control Socket.
[[0;32m  OK  [0m] Listening on Journal Socket (/dev/log).
         Mounting POSIX Message Queue File System...
[[0;32m  OK  [0m] Reached target User and Group Name Lookups.
[[0;32m  OK  [0m] Reached target Swap.
         Starting Load Kernel Modules...
[[0;32m  OK  [0m] Listening on udev Kernel Socket.
         Starting udev Coldplug all Devices...
[[0;32m  OK  [0m] Listening on LVM2 poll daemon socket.
[[0;32m  OK  [0m] Listening on Device-mapper event daemon FIFOs.
         Starting Monitoring of LVM2 mirrors…ng dmeventd or progress polling...
[[0;32m  OK  [0m] Set up automount Arbitrary Executab…rmats File System Automount Point.
[[0;32m  OK  [0m] Listening on Journal Audit Socket.
         Starting Journal Service...
         Mounting Huge Pages File System...
[[0;32m  OK  [0m] Created slice User and Session Slice.
[[0;32m  OK  [0m] Reached target Slices.
[[0;32m  OK  [0m] Started Uncomplicated firewall.
[[0;32m  OK  [0m] Started Create list of required sta…vice nodes for the current kernel.
[[0;32m  OK  [0m] Started File System Check Daemon to report status.
         Starting Create Static Device Nodes in /dev...
[[0;32m  OK  [0m] Mounted Kernel Debug File System.
[[0;32m  OK  [0m] Mounted POSIX Message Queue File System.
[[0;32m  OK  [0m] Mounted Huge Pages File System.
[    5.899998] Loading iSCSI transport class v2.0-870.
[[0;32m  OK  [0m] Started udev Coldplug all Devices.
[    5.906034] iscsi: registered transport (tcp)
[    5.915028] iscsi: registered transport (iser)
[[0;32m  OK  [0m] Started Load Kernel Modules.
         Starting Apply Kernel Variables...
         Mounting Kernel Configuration File System...
         Mounting FUSE Control File System...
[[0;32m  OK  [0m] Mounted Kernel Configuration File System.
[[0;32m  OK  [0m] Mounted FUSE Control File System.
[[0;32m  OK  [0m] Started Journal Service.
[[0;32m  OK  [0m] Started Create Static Device Nodes in /dev.
[[0;32m  OK  [0m] Started LVM2 metadata daemon.
[[0;32m  OK  [0m] Started File System Check on Root Device.
         Starting Remount Root and Kernel File Systems...
[[0;32m  OK  [0m] Started Apply Kernel Variables.
[[0;32m  OK  [0m] Started Remount Root and Kernel File Systems.
         Starting Load/Save Random Seed...
         Starting udev Kernel Device Manager...
         Starting Flush Journal to Persistent Storage...
[[0;32m  OK  [0m] Started Monitoring of LVM2 mirrors,…sing dmeventd or progress polling.
[[0;32m  OK  [0m] Started Load/Save Random Seed.
[[0;32m  OK  [0m] Started udev Kernel Device Manager.
[[0;32m  OK  [0m] Started Set the console keyboard layout.
[[0;32m  OK  [0m] Started Dispatch Password Requests to Console Directory Watch.
[[0;32m  OK  [0m] Reached target Local Encrypted Volumes.
[[0;32m  OK  [0m] Reached target Local File Systems (Pre).
[[0;32m  OK  [0m] Reached target Local File Systems.
         Starting Tell Plymouth To Write Out Runtime Data...
         Starting AppArmor initialization...
         Starting Set console font and keymap...
         Starting ebtables ruleset management...
[[0;32m  OK  [0m] Started Tell Plymouth To Write Out Runtime Data.
[[0;32m  OK  [0m] Started Set console font and keymap.
[[0;32m  OK  [0m] Started Flush Journal to Persistent Storage.
         Starting Create Volatile Files and Directories...
[[0;32m  OK  [0m] Started ebtables ruleset management.
[[0;32m  OK  [0m] Started Create Volatile Files and Directories.
         Starting Update UTMP about System Boot/Shutdown...
[[0;32m  OK  [0m] Started Update UTMP about System Boot/Shutdown.
[[0;32m  OK  [0m] Found device /dev/ttyS0.
[[0;32m  OK  [0m] Started AppArmor initialization.
[[0;32m  OK  [0m] Listening on Load/Save RF Kill Switch Status /dev/rfkill Watch.
         Starting Initial cloud-init job (pre-networking)...
         Starting Load AppArmor profiles managed internally by snapd...
         Mounting Arbitrary Executable File Formats File System...
[[0;32m  OK  [0m] Mounted Arbitrary Executable File Formats File System.
[[0;32m  OK  [0m] Started Load AppArmor profiles managed internally by snapd.
[    7.121843] cloud-init[557]: Cloud-init v. 23.1.2-0ubuntu0~18.04.1 running 'init-local' at Tue, 25 Mar 2025 17:34:03 +0000. Up 7.01 seconds.
[[0;32m  OK  [0m] Started Initial cloud-init job (pre-networking).
[[0;32m  OK  [0m] Reached target Network (Pre).
         Starting Network Service...
[[0;32m  OK  [0m] Started Network Service.
         Starting Network Name Resolution...
         Starting Wait for Network to be Configured...
[[0;32m  OK  [0m] Started Network Name Resolution.
[[0;32m  OK  [0m] Reached target Host and Network Name Lookups.
[[0;32m  OK  [0m] Reached target Network.
[[0;32m  OK  [0m] Started Wait for Network to be Configured.
         Starting Initial cloud-init job (metadata service crawler)...
[    9.183354] cloud-init[690]: Cloud-init v. 23.1.2-0ubuntu0~18.04.1 running 'init' at Tue, 25 Mar 2025 17:34:05 +0000. Up 9.09 seconds.
[    9.184181] cloud-init[690]: ci-info: ++++++++++++++++++++++++++++++++++++++Net device info++++++++++++++++++++++++++++++++++++++
[    9.184626] cloud-init[690]: ci-info: +--------+------+----------------------------+---------------+--------+-------------------+
[    9.185067] cloud-init[690]: ci-info: | Device |  Up  |          Address           |      Mask     | Scope  |     Hw-Address    |
[    9.185497] cloud-init[690]: ci-info: +--------+------+----------------------------+---------------+--------+-------------------+
[    9.185934] cloud-init[690]: ci-info: | enp0s3 | True |         10.0.2.15          | 255.255.255.0 | global | 02:3b:7b:b7:3b:2d |
[    9.186307] cloud-init[690]: ci-info: | enp0s3 | True | fd00::3b:7bff:feb7:3b2d/64 |       .       | global | 02:3b:7b:b7:3b:2d |
[    9.186709] cloud-init[690]: ci-info: | enp0s3 | True | fe80::3b:7bff:feb7:3b2d/64 |       .       |  link  | 02:3b:7b:b7:3b:2d |
[    9.187087] cloud-init[690]: ci-info: |   lo   | True |         127.0.0.1          |   255.0.0.0   |  host  |         .         |
[    9.187466] cloud-init[690]: ci-info: |   lo   | True |          ::1/128           |       .       |  host  |         .         |
[    9.187879] cloud-init[690]: ci-info: +--------+------+----------------------------+---------------+--------+-------------------+
[    9.188257] cloud-init[690]: ci-info: ++++++++++++++++++++++++++++Route IPv4 info+++++++++++++++++++++++++++++
[    9.188580] cloud-init[690]: ci-info: +-------+-------------+----------+-----------------+-----------+-------+
[    9.188909] cloud-init[690]: ci-info: | Route | Destination | Gateway  |     Genmask     | Interface | Flags |
[    9.189238] cloud-init[690]: ci-info: +-------+-------------+----------+-----------------+-----------+-------+
[    9.189570] cloud-init[690]: ci-info: |   0   |   0.0.0.0   | 10.0.2.2 |     0.0.0.0     |   enp0s3  |   UG  |
[    9.189893] cloud-init[690]: ci-info: |   1   |   10.0.2.0  | 0.0.0.0  |  255.255.255.0  |   enp0s3  |   U   |
[    9.190227] cloud-init[690]: ci-info: |   2   |   10.0.2.2  | 0.0.0.0  | 255.255.255.255 |   enp0s3  |   UH  |
[    9.190556] cloud-init[690]: ci-info: +-------+-------------+----------+-----------------+-----------+-------+
[    9.190895] cloud-init[690]: ci-info: +++++++++++++++++++Route IPv6 info+++++++++++++++++++
[    9.191169] cloud-init[690]: ci-info: +-------+-------------+---------+-----------+-------+
[    9.191436] cloud-init[690]: ci-info: | Route | Destination | Gateway | Interface | Flags |
[    9.191752] cloud-init[690]: ci-info: +-------+-------------+---------+-----------+-------+
[    9.192083] cloud-init[690]: ci-info: |   1   |  fd00::/64  |    ::   |   enp0s3  |   U   |
[    9.204150] cloud-init[690]: ci-info: |   2   |  fe80::/64  |    ::   |   enp0s3  |   U   |
[    9.204461] cloud-init[690]: ci-info: |   3   |     ::/0    | fe80::2 |   enp0s3  |   UG  |
[    9.204753] cloud-init[690]: ci-info: |   5   |    local    |    ::   |   enp0s3  |   U   |
[    9.216094] cloud-init[690]: ci-info: |   6   |   ff00::/8  |    ::   |   enp0s3  |   U   |
[    9.216406] cloud-init[690]: ci-info: +-------+-------------+---------+-----------+-------+
[[0;32m  OK  [0m] Started Initial cloud-init job (metadata service crawler).
[[0;32m  OK  [0m] Reached target Network is Online.
[[0;32m  OK  [0m] Reached target Remote File Systems (Pre).
         Mounting /vagrant...
         Starting Availability of block devices...
[[0;32m  OK  [0m] Reached target System Initialization.
[[0;32m  OK  [0m] Listening on UUID daemon activation socket.
         Starting Socket activation for snappy daemon.
[[0;32m  OK  [0m] Started Clean PHP session files every 30 mins.
[[0;32m  OK  [0m] Started Message of the Day.
[[0;32m  OK  [0m] Started ACPI Events Check.
[[0;32m  OK  [0m] Listening on ACPID Listen Socket.
[[0;32m  OK  [0m] Listening on D-Bus System Message Bus Socket.
         Starting LXD - unix socket.
[[0;32m  OK  [0m] Listening on cloud-init hotplug hook socket.
[[0;32m  OK  [0m] Listening on Open-iSCSI iscsid Socket.
[[0;32m  OK  [0m] Started Daily apt download activities.
[[0;32m  OK  [0m] Started Daily apt upgrade and clean activities.
[[0;32m  OK  [0m] Reached target Paths.
[[0;32m  OK  [0m] Started Ubuntu Advantage Timer for running repeated jobs.
[[0;32m  OK  [0m] Started Discard unused blocks once a week.
[[0;32m  OK  [0m] Started Daily Cleanup of Temporary Directories.
[[0;32m  OK  [0m] Reached target Timers.
[[0;32m  OK  [0m] Reached target Cloud-config availability.
[[0;32m  OK  [0m] Started Availability of block devices.
[[0;32m  OK  [0m] Listening on Socket activation for snappy daemon.
[[0;32m  OK  [0m] Listening on LXD - unix socket.
[[0;32m  OK  [0m] Reached target Sockets.
[[0;32m  OK  [0m] Reached target Basic System.
[[0;32m  OK  [0m] Started FUSE filesystem for LXC.
         Starting Virtualbox guest utils...
[[0;32m  OK  [0m] Started irqbalance daemon.
[[0;32m  OK  [0m] Started Deferred execution scheduler.
         Starting MySQL Community Server...
         Starting Snap Daemon...
         Starting Dispatcher daemon for systemd-networkd...
         Starting Login Service...
         Starting Accounts Service...
         Starting LXD - container startup/shutdown...
         Starting System Logging Service...
[[0;32m  OK  [0m] Started Regular background program processing daemon.
         Starting LSB: Record successful boot for GRUB...
[[0;32m  OK  [0m] Reached target Login Prompts (Pre).
         Starting OpenBSD Secure Shell server...
[[0;32m  OK  [0m] Started D-Bus System Message Bus.
[[0;32m  OK  [0m] Started System Logging Service.
[[0;32m  OK  [0m] Mounted /vagrant.
[[0;32m  OK  [0m] Started Login Service.
[[0;32m  OK  [0m] Started Unattended Upgrades Shutdown.
         Starting Hostname Service...
[[0;32m  OK  [0m] Reached target Remote File Systems.
         Starting Permit User Sessions...
         Starting The Apache HTTP Server...
         Starting LSB: automatic crash report generation...
[[0;32m  OK  [0m] Started LXD - container startup/shutdown.
[[0;32m  OK  [0m] Started Permit User Sessions.
         Starting Hold until boot process finishes up...
         Starting Terminate Plymouth Boot Screen...
         Starting Authorization Manager...
[[0;32m  OK  [0m] Started OpenBSD Secure Shell server.
[[0;32m  OK  [0m] Started Hold until boot process finishes up.
[[0;32m  OK  [0m] Started Serial Getty on ttyS0.
         Starting Set console scheme...
[[0;32m  OK  [0m] Started Terminate Plymouth Boot Screen.
[[0;32m  OK  [0m] Started Hostname Service.
[[0;32m  OK  [0m] Started Authorization Manager.
[[0;32m  OK  [0m] Started Accounts Service.
[[0;32m  OK  [0m] Started Set console scheme.
[[0;32m  OK  [0m] Created slice system-getty.slice.
[[0;32m  OK  [0m] Started Getty on tty1.
[[0;32m  OK  [0m] Reached target Login Prompts.
[[0;32m  OK  [0m] Started Virtualbox guest utils.
[[0;32m  OK  [0m] Started LSB: automatic crash report generation.
[[0;32m  OK  [0m] Started LSB: Record successful boot for GRUB.
[[0;32m  OK  [0m] Started Dispatcher daemon for systemd-networkd.
[[0;32m  OK  [0m] Started The Apache HTTP Server.
[[0;32m  OK  [0m] Started Snap Daemon.
         Starting Wait until snapd is fully seeded...
         Starting Time & Date Service...
[[0;32m  OK  [0m] Started Time & Date Service.
[[0;32m  OK  [0m] Started MySQL Community Server.
[[0;32m  OK  [0m] Started Wait until snapd is fully seeded.
         Starting Apply the settings specified in cloud-config...
[   10.872855] cloud-init[1260]: Cloud-init v. 23.1.2-0ubuntu0~18.04.1 running 'modules:config' at Tue, 25 Mar 2025 17:34:06 +0000. Up 10.80 seconds.
[[0;32m  OK  [0m] Started Apply the settings specified in cloud-config.
[[0;32m  OK  [0m] Reached target Multi-User System.
[[0;32m  OK  [0m] Reached target Graphical Interface.
         Starting Update UTMP about System Runlevel Changes...
         Starting Execute cloud user/final scripts...
[[0;32m  OK  [0m] Started Update UTMP about System Runlevel Changes.
[   11.254774] cloud-init[1304]: Cloud-init v. 23.1.2-0ubuntu0~18.04.1 running 'modules:final' at Tue, 25 Mar 2025 17:34:07 +0000. Up 11.17 seconds.
[   11.255380] cloud-init[1304]: Cloud-init v. 23.1.2-0ubuntu0~18.04.1 finished at Tue, 25 Mar 2025 17:34:07 +0000. Datasource DataSourceNoCloud [seed=/dev/sdb][dsmode=net].  Up 11.25 seconds
[[0;32m  OK  [0m] Started Execute cloud user/final scripts.
[[0;32m  OK  [0m] Reached target Cloud-init target.

Ubuntu 18.04.6 LTS ubuntu-bionic ttyS0

ubuntu-bionic login: 